GET1	285	C	A	175	196	354	374
GET1	255	G	A	175	196	354	374
GET1	303	C	T	175	196	354	374
GET1	342	G	A	175	196	354	374
GET1	225	G	A	175	196	354	374
GET1	318	G	A	175	196	354	374
GET1	310	A	C	175	196	354	374
CCW12	219	A	T	57	76	235	254
CCW12	168	C	T	57	76	235	254
CCW12	96	C	G	57	76	235	254
CCW12	129	C	T	57	76	235	254
CCW12	228	T	C	57	76	235	254
CCW12	105	C	T	57	76	235	254
CCW12	153	A	T	57	76	235	254
CCW12	162	T	C	57	76	235	254
CCW12	150	C	T	57	76	235	254
CCW12	117	T	A	57	76	235	254
CCW12	210	C	A	57	76	235	254
CCW12	99	T	G	57	76	235	254
CCW12	157	T	C	57	76	235	254
CCW12	93	T	G	57	76	235	254
CCW12	153	A	C	57	76	235	254
CCW12	138	T	A	57	76	235	254
CCW12	162	T	G	57	76	235	254
CCW12	87	A	G	57	76	235	254
CCW12	126	C	T	57	76	235	254
CCW12	114	T	G	57	76	235	254
CCW12	225	C	T	57	76	235	254
CCW12	96	C	A	57	76	235	254
CCW12	108	C	G	57	76	235	254
CCW12	174	C	A	57	76	235	254
CCW12	195	C	A	57	76	235	254
CCW12	135	T	C	57	76	235	254
CCW12	171	T	A	57	76	235	254
CCW12	192	T	G	57	76	235	254
CCW12	228	T	A	57	76	235	254
CCW12	108	C	A	57	76	235	254
CCW12	99	T	C	57	76	235	254
CCW12	100	T	C	57	76	235	254
CCW12	225	C	G	57	76	235	254
CCW12	147	C	T	57	76	235	254
CCW12	225	C	A	57	76	235	254
CCW12	201	A	G	57	76	235	254
CCW12	132	C	A	57	76	235	254
CCW12	117	T	G	57	76	235	254
CCW12	228	T	G	57	76	235	254
CCW12	102	G	A	57	76	235	254
CCW12	210	C	T	57	76	235	254
CCW12	165	C	T	57	76	235	254
CCW12	234	C	G	57	76	235	254
CCW12	108	C	T	57	76	235	254
CCW12	96	C	T	57	76	235	254
CCW12	222	G	A	57	76	235	254
CCW12	180	C	T	57	76	235	254
CCW12	138	T	G	57	76	235	254
CCW12	195	C	T	57	76	235	254
CCW12	219	A	C	57	76	235	254
CCW12	147	C	G	57	76	235	254
CCW12	111	C	T	57	76	235	254
CCW12	171	T	G	57	76	235	254
CCW12	207	C	T	57	76	235	254
CCW12	153	A	G	57	76	235	254
CCW12	220	T	C	57	76	235	254
CCW12	198	T	A	57	76	235	254
CCW12	198	T	G	57	76	235	254
CCW12	138	T	C	57	76	235	254
CCW12	156	T	G	57	76	235	254
CCW12	111	C	A	57	76	235	254
CCW12	192	T	A	57	76	235	254
CCW12	159	G	A	57	76	235	254
CCW12	219	A	G	57	76	235	254
CCW12	198	T	C	57	76	235	254
CCW12	120	T	C	57	76	235	254
CCW12	186	T	C	57	76	235	254
CCW12	180	C	G	57	76	235	254
CCW12	207	C	G	57	76	235	254
CCW12	234	C	A	57	76	235	254
CCW12	204	C	T	57	76	235	254
CCW12	207	C	A	57	76	235	254
CCW12	105	C	G	57	76	235	254
CCW12	234	C	T	57	76	235	254
CCW12	144	T	G	57	76	235	254
CCW12	144	T	C	57	76	235	254
CCW12	144	T	A	57	76	235	254
CCW12	177	C	A	57	76	235	254
CCW12	105	C	A	57	76	235	254
CCW12	183	C	T	57	76	235	254
CCW12	210	C	G	57	76	235	254
CCW12	183	C	G	57	76	235	254
CCW12	183	C	A	57	76	235	254
EOS1	342	T	C	168	188	352	372
EOS1	330	T	G	168	188	352	372
EOS1	258	A	C	168	188	352	372
EOS1	216	C	T	168	188	352	372
EOS1	342	T	G	168	188	352	372
EOS1	330	T	A	168	188	352	372
EOS1	243	C	T	168	188	352	372
IES6	277	C	A	95	114	283	302
IES6	279	A	C	95	114	283	302
IES6	279	A	T	95	114	283	302
IES6	276	G	A	95	114	283	302
IES6	168	G	T	95	114	283	302
IES6	274	A	C	95	114	283	302
IES6	243	T	C	95	114	283	302
IES6	270	T	A	95	114	283	302
IES6	270	T	G	95	114	283	302
IES6	249	A	G	95	114	283	302
IES6	252	T	G	95	114	283	302
IES6	222	C	T	95	114	283	302
IES6	201	C	A	95	114	283	302
IES6	210	A	G	95	114	283	302
IES6	228	C	T	95	114	283	302
IES6	252	T	A	95	114	283	302
IES6	189	G	C	95	114	283	302
IES6	183	A	G	95	114	283	302
IES6	204	G	A	95	114	283	302
IES6	255	A	G	95	114	283	302
IES6	237	C	G	95	114	283	302
IES6	258	G	A	95	114	283	302
IES6	189	G	T	95	114	283	302
IES6	174	A	G	95	114	283	302
IES6	141	A	G	95	114	283	302
IES6	156	T	C	95	114	283	302
IES6	246	C	T	95	114	283	302
IES6	168	G	A	95	114	283	302
IES6	189	G	A	95	114	283	302
IES6	135	C	G	95	114	283	302
IES6	150	G	C	95	114	283	302
LSM1	69	A	C	25	44	214	235
LSM1	177	T	C	25	44	214	235
LSM1	183	A	T	25	44	214	235
LSM1	201	A	T	25	44	214	235
LSM1	205	A	C	25	44	214	235
LSM1	81	A	C	25	44	214	235
LSM1	87	T	C	25	44	214	235
LSM1	93	C	G	25	44	214	235
LSM1	93	C	T	25	44	214	235
LSM1	97	T	C	25	44	214	235
LSM1	105	C	A	25	44	214	235
LSM1	111	G	A	25	44	214	235
LSM1	114	T	C	25	44	214	235
LSM1	123	T	A	25	44	214	235
LSM1	123	T	G	25	44	214	235
LSM1	129	C	G	25	44	214	235
LSM1	132	T	C	25	44	214	235
LSM1	135	T	C	25	44	214	235
LSM1	135	T	G	25	44	214	235
LSM1	141	A	C	25	44	214	235
LSM1	141	A	T	25	44	214	235
LSM1	147	A	G	25	44	214	235
LSM1	147	A	T	25	44	214	235
LSM1	150	A	G	25	44	214	235
LSM1	156	T	G	25	44	214	235
PRS3	336	T	A	192	213	365	385
PRS3	336	T	C	192	213	365	385
PRS3	249	G	C	192	213	365	385
PRS3	225	C	A	192	213	365	385
PRS3	243	G	A	192	213	365	385
PRS3	333	C	A	192	213	365	385
PRS3	217	C	T	192	213	365	385
PRS3	240	G	A	192	213	365	385
PRS3	300	A	G	192	213	365	385
PRS3	234	T	C	192	213	365	385
PRS3	348	C	G	192	213	365	385
RAD6	168	G	A	41	61	228	248
RAD6	174	G	A	41	61	228	248
RAD6	189	T	C	41	61	228	248
RAD6	171	G	A	41	61	228	248
RAD6	169	T	C	41	61	228	248
RAD6	204	G	C	41	61	228	248
RAD6	201	A	C	41	61	228	248
RAD6	219	G	A	41	61	228	248
RAD6	72	A	T	41	61	228	248
RAD6	210	C	T	41	61	228	248
RAD6	186	A	G	41	61	228	248
RAD6	207	T	C	41	61	228	248
RAD6	78	T	C	41	61	228	248
RAD6	81	A	G	41	61	228	248
RAD6	165	A	G	41	61	228	248
RAD6	132	C	G	41	61	228	248
RAD6	210	C	A	41	61	228	248
RAD6	216	T	C	41	61	228	248
RAD6	201	A	T	41	61	228	248
RAD6	120	T	C	41	61	228	248
RAD6	204	G	T	41	61	228	248
RAD6	141	A	C	41	61	228	248
RAD6	198	G	A	41	61	228	248
RAD6	105	A	C	41	61	228	248
RAD6	156	T	A	41	61	228	248
RAD6	156	T	G	41	61	228	248
RAD6	114	C	T	41	61	228	248
RAD6	105	A	T	41	61	228	248
RAD6	111	C	T	41	61	228	248
RAD6	90	T	C	41	61	228	248
RAD6	213	A	G	41	61	228	248
RAD6	166	T	C	41	61	228	248
RAD6	217	T	C	41	61	228	248
RAD6	162	G	A	41	61	228	248
RAD6	138	T	G	41	61	228	248
RAD6	195	T	C	41	61	228	248
RAD6	75	T	C	41	61	228	248
RAD6	93	T	C	41	61	228	248
RAD6	192	C	A	41	61	228	248
RAD6	81	A	C	41	61	228	248
RAD6	78	T	A	41	61	228	248
RAD6	156	T	C	41	61	228	248
RAD6	84	A	G	41	61	228	248
RAD6	84	A	C	41	61	228	248
RAD6	201	A	G	41	61	228	248
RAD6	96	C	T	41	61	228	248
RAD6	129	A	G	41	61	228	248
RAD6	99	C	A	41	61	228	248
RAD6	99	C	G	41	61	228	248
RAD6	84	A	T	41	61	228	248
RAD6	114	C	A	41	61	228	248
RAD6	72	A	C	41	61	228	248
RAD6	114	C	G	41	61	228	248
RAD6	85	T	C	41	61	228	248
RAD6	72	A	G	41	61	228	248
RAD6	90	T	A	41	61	228	248
RAD6	153	A	C	41	61	228	248
RAD6	87	A	G	41	61	228	248
RAD6	192	C	G	41	61	228	248
RAD6	160	A	C	41	61	228	248
RAD6	129	A	T	41	61	228	248
RAD6	180	T	C	41	61	228	248
RAD6	141	A	G	41	61	228	248
RAD6	147	A	G	41	61	228	248
RAD6	141	A	T	41	61	228	248
RAD6	105	A	G	41	61	228	248
RAD6	183	A	G	41	61	228	248
RAD6	123	C	T	41	61	228	248
RAD6	144	T	C	41	61	228	248
RAD6	163	T	C	41	61	228	248
RAD6	150	C	T	41	61	228	248
RAD6	75	T	A	41	61	228	248
RAD6	78	T	G	41	61	228	248
RAD6	153	A	T	41	61	228	248
RAD6	132	C	A	41	61	228	248
RAD6	81	A	T	41	61	228	248
RAD6	123	C	A	41	61	228	248
RAD6	129	A	C	41	61	228	248
RAD6	177	T	C	41	61	228	248
SNF6	327	G	A	181	201	377	397
SNF6	312	A	T	181	201	377	397
SNF6	366	T	C	181	201	377	397
SNF6	270	C	A	181	201	377	397
SNF6	342	G	A	181	201	377	397
SNF6	246	T	A	181	201	377	397
SNF6	351	A	C	181	201	377	397
SNF6	336	A	T	181	201	377	397
SNF6	357	C	T	181	201	377	397
SNF6	303	A	T	181	201	377	397
SNF6	261	A	T	181	201	377	397
SNF6	354	T	C	181	201	377	397
SNF6	249	A	T	181	201	377	397
SNF6	279	C	T	181	201	377	397
SNF6	219	T	A	181	201	377	397
SNF6	270	C	G	181	201	377	397
SNF6	252	A	T	181	201	377	397
SNF6	363	G	A	181	201	377	397
SNF6	306	G	A	181	201	377	397
SNF6	333	T	C	181	201	377	397
SNF6	225	G	A	181	201	377	397
SNF6	222	T	C	181	201	377	397
SNF6	246	T	G	181	201	377	397
VMA21	178	A	T	11	31	194	215
VMA21	68	C	T	11	31	194	215
VMA21	166	T	C	11	31	194	215
VMA21	40	T	G	11	31	194	215